[23:06:54][lexer.cpp:277]: File 'mod/cbshingaaverdwerkcommunity.mod' should be in utf8-bom encoding (will try to use it anyways)
[23:06:54][lexer.cpp:277]: File 'mod/cbshingcinematic.mod' should be in utf8-bom encoding (will try to use it anyways)
[23:06:54][lexer.cpp:277]: File 'mod/cbshingmodempires.mod' should be in utf8-bom encoding (will try to use it anyways)
[23:06:54][lexer.cpp:277]: File 'mod/cbshingorigincivics.mod' should be in utf8-bom encoding (will try to use it anyways)
[23:06:54][lexer.cpp:277]: File 'mod/cbshingoriginscivicprescriptedoverwrite.mod' should be in utf8-bom encoding (will try to use it anyways)
[23:06:54][lexer.cpp:277]: File 'mod/cbshingoriginscivics1p9p1.mod' should be in utf8-bom encoding (will try to use it anyways)
[23:06:54][lexer.cpp:277]: File 'mod/cbshingoriginscivicsadditionalcivicspoints.mod' should be in utf8-bom encoding (will try to use it anyways)
[23:06:54][lexer.cpp:277]: File 'mod/cbshingoriginscivicscoloniesofearthaddon.mod' should be in utf8-bom encoding (will try to use it anyways)
[23:06:54][lexer.cpp:277]: File 'mod/cbshingoriginscivicsunbalanced.mod' should be in utf8-bom encoding (will try to use it anyways)
[23:06:54][lexer.cpp:277]: File 'mod/cbshingoriginsplanetdiversitypatch.mod' should be in utf8-bom encoding (will try to use it anyways)
[23:06:54][lexer.cpp:277]: File 'mod/cbshingoriginsplanetdiversitypatch1p9p1.mod' should be in utf8-bom encoding (will try to use it anyways)
[23:06:54][lexer.cpp:277]: File 'mod/cbshingoriginsreworkedplanetdiversitypatch.mod' should be in utf8-bom encoding (will try to use it anyways)
[23:06:54][lexer.cpp:277]: File 'mod/cbshingprescriptedempires.mod' should be in utf8-bom encoding (will try to use it anyways)
[23:06:54][lexer.cpp:277]: File 'mod/cockroachfromsol.mod' should be in utf8-bom encoding (will try to use it anyways)
[23:06:54][lexer.cpp:277]: File 'mod/codominantevolution.mod' should be in utf8-bom encoding (will try to use it anyways)
[23:06:54][lexer.cpp:277]: File 'mod/compatchcivicsr_redux&codominantevolution.mod' should be in utf8-bom encoding (will try to use it anyways)
[23:06:54][lexer.cpp:277]: File 'mod/cormathanidirectorate.mod' should be in utf8-bom encoding (will try to use it anyways)
[23:06:54][lexer.cpp:277]: File 'mod/dragonshoardstart.mod' should be in utf8-bom encoding (will try to use it anyways)
[23:06:54][lexer.cpp:277]: File 'mod/fa_preservestart.mod' should be in utf8-bom encoding (will try to use it anyways)
[23:06:54][lexer.cpp:277]: File 'mod/gaiaring.mod' should be in utf8-bom encoding (will try to use it anyways)
[23:06:54][lexer.cpp:277]: File 'mod/go_dev_cbshing_alpha.mod' should be in utf8-bom encoding (will try to use it anyways)
[23:06:54][lexer.cpp:277]: File 'mod/gwenstestmod.mod' should be in utf8-bom encoding (will try to use it anyways)
[23:06:54][lexer.cpp:277]: File 'mod/horizonsignalmodplanetfix.mod' should be in utf8-bom encoding (will try to use it anyways)
[23:06:54][lexer.cpp:277]: File 'mod/lg_cladisticspecies.mod' should be in utf8-bom encoding (will try to use it anyways)
[23:06:54][lexer.cpp:277]: File 'mod/machineworldstartcivic.mod' should be in utf8-bom encoding (will try to use it anyways)
[23:06:54][lexer.cpp:277]: File 'mod/machineworldstartsystem.mod' should be in utf8-bom encoding (will try to use it anyways)
[23:06:54][lexer.cpp:277]: File 'mod/mechaniststartsystem.mod' should be in utf8-bom encoding (will try to use it anyways)
[23:06:54][lexer.cpp:277]: File 'mod/megaringblack_x.mod' should be in utf8-bom encoding (will try to use it anyways)
[23:06:54][lexer.cpp:277]: File 'mod/modstellaris_customempire.mod' should be in utf8-bom encoding (will try to use it anyways)
[23:06:54][lexer.cpp:277]: File 'mod/newtombingplanet.mod' should be in utf8-bom encoding (will try to use it anyways)
[23:06:54][lexer.cpp:277]: File 'mod/originscivicsbeta.mod' should be in utf8-bom encoding (will try to use it anyways)
[23:06:54][lexer.cpp:277]: File 'mod/originstraits.mod' should be in utf8-bom encoding (will try to use it anyways)
[23:06:54][lexer.cpp:277]: File 'mod/pdxnamelist.mod' should be in utf8-bom encoding (will try to use it anyways)
[23:06:54][lexer.cpp:277]: File 'mod/presapienttraitunlock.mod' should be in utf8-bom encoding (will try to use it anyways)
[23:06:54][lexer.cpp:277]: File 'mod/redditxenaerocustomempires.mod' should be in utf8-bom encoding (will try to use it anyways)
[23:06:54][lexer.cpp:277]: File 'mod/ringworldrivals.mod' should be in utf8-bom encoding (will try to use it anyways)
[23:06:54][lexer.cpp:277]: File 'mod/sameclasssamespecies.mod' should be in utf8-bom encoding (will try to use it anyways)
[23:06:54][lexer.cpp:277]: File 'mod/syncreticmechanistplus.mod' should be in utf8-bom encoding (will try to use it anyways)
[23:06:54][lexer.cpp:277]: File 'mod/tombingworld.mod' should be in utf8-bom encoding (will try to use it anyways)
[23:06:54][lexer.cpp:277]: File 'mod/tombstarthabitability.mod' should be in utf8-bom encoding (will try to use it anyways)
[23:06:54][lexer.cpp:277]: File 'mod/tombstartmod.mod' should be in utf8-bom encoding (will try to use it anyways)
[23:06:54][lexer.cpp:277]: File 'mod/tombstarttestenvironment.mod' should be in utf8-bom encoding (will try to use it anyways)
[23:06:54][lexer.cpp:277]: File 'mod/tombterraform.mod' should be in utf8-bom encoding (will try to use it anyways)
[23:06:54][lexer.cpp:277]: File 'mod/ugc_1074841707.mod' should be in utf8-bom encoding (will try to use it anyways)
[23:06:54][lexer.cpp:277]: File 'mod/ugc_1112740619.mod' should be in utf8-bom encoding (will try to use it anyways)
[23:06:54][lexer.cpp:277]: File 'mod/ugc_1121692237.mod' should be in utf8-bom encoding (will try to use it anyways)
[23:06:54][lexer.cpp:277]: File 'mod/ugc_1140543652.mod' should be in utf8-bom encoding (will try to use it anyways)
[23:06:54][lexer.cpp:277]: File 'mod/ugc_1141809919.mod' should be in utf8-bom encoding (will try to use it anyways)
[23:06:54][lexer.cpp:277]: File 'mod/ugc_1154513894.mod' should be in utf8-bom encoding (will try to use it anyways)
[23:06:54][lexer.cpp:277]: File 'mod/ugc_1160405318.mod' should be in utf8-bom encoding (will try to use it anyways)
[23:06:54][lexer.cpp:277]: File 'mod/ugc_1161857882.mod' should be in utf8-bom encoding (will try to use it anyways)
[23:06:54][lexer.cpp:277]: File 'mod/ugc_1173995428.mod' should be in utf8-bom encoding (will try to use it anyways)
[23:06:54][lexer.cpp:277]: File 'mod/ugc_1177012004.mod' should be in utf8-bom encoding (will try to use it anyways)
[23:06:54][lexer.cpp:277]: File 'mod/ugc_1220861227.mod' should be in utf8-bom encoding (will try to use it anyways)
[23:06:55][lexer.cpp:277]: File 'mod/ugc_1227620643.mod' should be in utf8-bom encoding (will try to use it anyways)
[23:06:55][lexer.cpp:277]: File 'mod/ugc_1236404720.mod' should be in utf8-bom encoding (will try to use it anyways)
[23:06:55][lexer.cpp:277]: File 'mod/ugc_1249001485.mod' should be in utf8-bom encoding (will try to use it anyways)
[23:06:55][lexer.cpp:277]: File 'mod/ugc_1249088531.mod' should be in utf8-bom encoding (will try to use it anyways)
[23:06:55][lexer.cpp:277]: File 'mod/ugc_1293820407.mod' should be in utf8-bom encoding (will try to use it anyways)
[23:06:55][lexer.cpp:277]: File 'mod/ugc_1306112132.mod' should be in utf8-bom encoding (will try to use it anyways)
[23:06:55][lexer.cpp:277]: File 'mod/ugc_1308654926.mod' should be in utf8-bom encoding (will try to use it anyways)
[23:06:55][lexer.cpp:277]: File 'mod/ugc_1310451318.mod' should be in utf8-bom encoding (will try to use it anyways)
[23:06:55][lexer.cpp:277]: File 'mod/ugc_1311099708.mod' should be in utf8-bom encoding (will try to use it anyways)
[23:06:55][lexer.cpp:277]: File 'mod/ugc_1314075887.mod' should be in utf8-bom encoding (will try to use it anyways)
[23:06:55][lexer.cpp:277]: File 'mod/ugc_1324666565.mod' should be in utf8-bom encoding (will try to use it anyways)
[23:06:55][lexer.cpp:277]: File 'mod/ugc_1327672711.mod' should be in utf8-bom encoding (will try to use it anyways)
[23:06:55][lexer.cpp:277]: File 'mod/ugc_1335743415.mod' should be in utf8-bom encoding (will try to use it anyways)
[23:06:55][lexer.cpp:277]: File 'mod/ugc_1337624464.mod' should be in utf8-bom encoding (will try to use it anyways)
[23:06:55][lexer.cpp:277]: File 'mod/ugc_1351653132.mod' should be in utf8-bom encoding (will try to use it anyways)
[23:06:55][lexer.cpp:277]: File 'mod/ugc_1359975475.mod' should be in utf8-bom encoding (will try to use it anyways)
[23:06:55][lexer.cpp:277]: File 'mod/ugc_1365485813.mod' should be in utf8-bom encoding (will try to use it anyways)
[23:06:55][lexer.cpp:277]: File 'mod/ugc_1366344432.mod' should be in utf8-bom encoding (will try to use it anyways)
[23:06:55][lexer.cpp:277]: File 'mod/ugc_1371940855.mod' should be in utf8-bom encoding (will try to use it anyways)
[23:06:55][lexer.cpp:277]: File 'mod/ugc_1378139547.mod' should be in utf8-bom encoding (will try to use it anyways)
[23:06:55][lexer.cpp:277]: File 'mod/ugc_1384895515.mod' should be in utf8-bom encoding (will try to use it anyways)
[23:06:55][lexer.cpp:277]: File 'mod/ugc_1416168067.mod' should be in utf8-bom encoding (will try to use it anyways)
[23:06:55][lexer.cpp:277]: File 'mod/ugc_1439487193.mod' should be in utf8-bom encoding (will try to use it anyways)
[23:06:55][lexer.cpp:277]: File 'mod/ugc_1444258673.mod' should be in utf8-bom encoding (will try to use it anyways)
[23:06:55][lexer.cpp:277]: File 'mod/ugc_1477839752.mod' should be in utf8-bom encoding (will try to use it anyways)
[23:06:55][lexer.cpp:277]: File 'mod/ugc_1534545104.mod' should be in utf8-bom encoding (will try to use it anyways)
[23:06:55][lexer.cpp:277]: File 'mod/ugc_681787759.mod' should be in utf8-bom encoding (will try to use it anyways)
[23:06:55][lexer.cpp:277]: File 'mod/ugc_682165224.mod' should be in utf8-bom encoding (will try to use it anyways)
[23:06:55][lexer.cpp:277]: File 'mod/ugc_684475224.mod' should be in utf8-bom encoding (will try to use it anyways)
[23:06:55][lexer.cpp:277]: File 'mod/ugc_684509615.mod' should be in utf8-bom encoding (will try to use it anyways)
[23:06:55][lexer.cpp:277]: File 'mod/ugc_687037851.mod' should be in utf8-bom encoding (will try to use it anyways)
[23:06:55][lexer.cpp:277]: File 'mod/ugc_687358103.mod' should be in utf8-bom encoding (will try to use it anyways)
[23:06:56][lexer.cpp:277]: File 'mod/ugc_687822601.mod' should be in utf8-bom encoding (will try to use it anyways)
[23:06:56][lexer.cpp:277]: File 'mod/ugc_692028161.mod' should be in utf8-bom encoding (will try to use it anyways)
[23:06:56][lexer.cpp:277]: File 'mod/ugc_696905076.mod' should be in utf8-bom encoding (will try to use it anyways)
[23:06:56][lexer.cpp:277]: File 'mod/ugc_698028895.mod' should be in utf8-bom encoding (will try to use it anyways)
[23:06:56][lexer.cpp:277]: File 'mod/ugc_703156866.mod' should be in utf8-bom encoding (will try to use it anyways)
[23:06:56][lexer.cpp:277]: File 'mod/ugc_711413459.mod' should be in utf8-bom encoding (will try to use it anyways)
[23:06:56][lexer.cpp:277]: File 'mod/ugc_715772239.mod' should be in utf8-bom encoding (will try to use it anyways)
[23:06:56][lexer.cpp:277]: File 'mod/ugc_717706829.mod' should be in utf8-bom encoding (will try to use it anyways)
[23:06:56][lexer.cpp:277]: File 'mod/ugc_727000451.mod' should be in utf8-bom encoding (will try to use it anyways)
[23:06:56][lexer.cpp:277]: File 'mod/ugc_741194923.mod' should be in utf8-bom encoding (will try to use it anyways)
[23:06:56][lexer.cpp:277]: File 'mod/ugc_798679745.mod' should be in utf8-bom encoding (will try to use it anyways)
[23:06:56][lexer.cpp:277]: File 'mod/ugc_804293993.mod' should be in utf8-bom encoding (will try to use it anyways)
[23:06:56][lexer.cpp:277]: File 'mod/ugc_811274428.mod' should be in utf8-bom encoding (will try to use it anyways)
[23:06:56][lexer.cpp:277]: File 'mod/ugc_817648237.mod' should be in utf8-bom encoding (will try to use it anyways)
[23:06:56][lexer.cpp:277]: File 'mod/ugc_819148835.mod' should be in utf8-bom encoding (will try to use it anyways)
[23:06:56][lexer.cpp:277]: File 'mod/ugc_856046406.mod' should be in utf8-bom encoding (will try to use it anyways)
[23:06:56][lexer.cpp:277]: File 'mod/ugc_865040033.mod' should be in utf8-bom encoding (will try to use it anyways)
[23:06:56][lexer.cpp:277]: File 'mod/ugc_899313553.mod' should be in utf8-bom encoding (will try to use it anyways)
[23:06:56][lexer.cpp:277]: File 'mod/ugc_902526212.mod' should be in utf8-bom encoding (will try to use it anyways)
[23:06:56][lexer.cpp:277]: File 'mod/ugc_915432220.mod' should be in utf8-bom encoding (will try to use it anyways)
[23:06:56][lexer.cpp:277]: File 'mod/ugc_915966120.mod' should be in utf8-bom encoding (will try to use it anyways)
[23:06:56][lexer.cpp:277]: File 'mod/ugc_926426938.mod' should be in utf8-bom encoding (will try to use it anyways)
[23:06:56][lexer.cpp:277]: File 'mod/ugc_931501533.mod' should be in utf8-bom encoding (will try to use it anyways)
[23:06:56][lexer.cpp:277]: File 'mod/ugc_933075365.mod' should be in utf8-bom encoding (will try to use it anyways)
[23:06:56][lexer.cpp:277]: File 'mod/ugc_937289339.mod' should be in utf8-bom encoding (will try to use it anyways)
[23:06:56][lexer.cpp:277]: File 'mod/ugc_952438221.mod' should be in utf8-bom encoding (will try to use it anyways)
[23:06:56][lexer.cpp:277]: File 'mod/unlifeseededmod.mod' should be in utf8-bom encoding (will try to use it anyways)
[23:06:56][lexer.cpp:277]: File 'mod/unroblorgcompanions.mod' should be in utf8-bom encoding (will try to use it anyways)
[23:07:47][game_singleobjectdatabase.h:147]: Object with key: has_encountered_other_species already exists
[23:07:47][trigger.cpp:247]: Expected "any_owned_planet = {", but got "any_owned_planet = planet_earth" at  file: common/scripted_effects/oc04_origins_civics_colony_setup_scripted_effects.txt line: 22
[23:07:47][effect_impl.cpp:466]: limit effect at  file: common/scripted_effects/oc04_origins_civics_colony_setup_scripted_effects.txt line: 28 accepts only yes or no as values
[23:07:47][effect_impl.cpp:466]: not effect at  file: common/scripted_effects/oc04_origins_civics_colony_setup_scripted_effects.txt line: 28 accepts only yes or no as values
[23:07:47][effect_impl.cpp:466]: any_country effect at  file: common/scripted_effects/oc04_origins_civics_colony_setup_scripted_effects.txt line: 28 accepts only yes or no as values
[23:07:47][effect_impl.cpp:466]: has_country_flag effect at  file: common/scripted_effects/oc04_origins_civics_colony_setup_scripted_effects.txt line: 28 accepts only yes or no as values
[23:07:47][effect_impl.cpp:466]: limit effect at  file: common/scripted_effects/oc04_origins_civics_colony_setup_scripted_effects.txt line: 30 accepts only yes or no as values
[23:07:47][effect.cpp:361]: Error: "Expected format is "key={": }, near line: 28
Expected format is "key={": oc_colony_empire_01, near line: 29
" in file: "common/scripted_effects/oc04_origins_civics_colony_setup_scripted_effects.txt" near line: 30
[23:07:47][game_singleobjectdatabase.h:147]: Object with key: else_if already exists
[23:07:47][effect_impl.cpp:466]: limit effect at  file: common/scripted_effects/oc04_origins_civics_colony_setup_scripted_effects.txt line: 34 accepts only yes or no as values
[23:07:47][effect_impl.cpp:466]: not effect at  file: common/scripted_effects/oc04_origins_civics_colony_setup_scripted_effects.txt line: 34 accepts only yes or no as values
[23:07:47][effect_impl.cpp:466]: any_country effect at  file: common/scripted_effects/oc04_origins_civics_colony_setup_scripted_effects.txt line: 34 accepts only yes or no as values
[23:07:47][effect_impl.cpp:466]: has_country_flag effect at  file: common/scripted_effects/oc04_origins_civics_colony_setup_scripted_effects.txt line: 34 accepts only yes or no as values
[23:07:47][effect.cpp:361]: Error: "Expected format is "key={": colony_homeworld_01, near line: 31
Expected format is "key={": }, near line: 33
" in file: "common/scripted_effects/oc04_origins_civics_colony_setup_scripted_effects.txt" near line: 34
[23:07:47][game_singleobjectdatabase.h:147]: Object with key: random_owned_planet already exists
[23:07:47][effect_impl.cpp:466]: limit effect at  file: common/scripted_effects/oc04_origins_civics_colony_setup_scripted_effects.txt line: 36 accepts only yes or no as values
[23:07:47][effect.cpp:361]: Error: "Expected format is "key={": }, near line: 34
Expected format is "key={": oc_colony_empire_02, near line: 35
" in file: "common/scripted_effects/oc04_origins_civics_colony_setup_scripted_effects.txt" near line: 36
[23:07:47][effect_impl.cpp:466]: limit effect at  file: common/scripted_effects/oc04_origins_civics_colony_setup_scripted_effects.txt line: 40 accepts only yes or no as values
[23:07:47][effect_impl.cpp:466]: not effect at  file: common/scripted_effects/oc04_origins_civics_colony_setup_scripted_effects.txt line: 40 accepts only yes or no as values
[23:07:47][effect_impl.cpp:466]: any_country effect at  file: common/scripted_effects/oc04_origins_civics_colony_setup_scripted_effects.txt line: 40 accepts only yes or no as values
[23:07:47][effect_impl.cpp:466]: has_country_flag effect at  file: common/scripted_effects/oc04_origins_civics_colony_setup_scripted_effects.txt line: 40 accepts only yes or no as values
[23:07:47][effect.cpp:361]: Error: "Expected format is "key={": colony_homeworld_02, near line: 37
Expected format is "key={": }, near line: 39
" in file: "common/scripted_effects/oc04_origins_civics_colony_setup_scripted_effects.txt" near line: 40
[23:07:47][effect_impl.cpp:466]: limit effect at  file: common/scripted_effects/oc04_origins_civics_colony_setup_scripted_effects.txt line: 42 accepts only yes or no as values
[23:07:47][effect.cpp:361]: Error: "Expected format is "key={": }, near line: 40
Expected format is "key={": oc_colony_empire_03, near line: 41
" in file: "common/scripted_effects/oc04_origins_civics_colony_setup_scripted_effects.txt" near line: 42
[23:07:47][effect_impl.cpp:466]: limit effect at  file: common/scripted_effects/oc04_origins_civics_colony_setup_scripted_effects.txt line: 46 accepts only yes or no as values
[23:07:47][effect_impl.cpp:466]: not effect at  file: common/scripted_effects/oc04_origins_civics_colony_setup_scripted_effects.txt line: 46 accepts only yes or no as values
[23:07:47][effect_impl.cpp:466]: any_country effect at  file: common/scripted_effects/oc04_origins_civics_colony_setup_scripted_effects.txt line: 46 accepts only yes or no as values
[23:07:47][effect_impl.cpp:466]: has_country_flag effect at  file: common/scripted_effects/oc04_origins_civics_colony_setup_scripted_effects.txt line: 46 accepts only yes or no as values
[23:07:47][effect.cpp:361]: Error: "Expected format is "key={": colony_homeworld_03, near line: 43
Expected format is "key={": }, near line: 45
" in file: "common/scripted_effects/oc04_origins_civics_colony_setup_scripted_effects.txt" near line: 46
[23:07:47][effect_impl.cpp:466]: limit effect at  file: common/scripted_effects/oc04_origins_civics_colony_setup_scripted_effects.txt line: 48 accepts only yes or no as values
[23:07:47][effect.cpp:361]: Error: "Expected format is "key={": }, near line: 46
Expected format is "key={": oc_colony_empire_04, near line: 47
" in file: "common/scripted_effects/oc04_origins_civics_colony_setup_scripted_effects.txt" near line: 48
[23:07:47][effect_impl.cpp:466]: limit effect at  file: common/scripted_effects/oc04_origins_civics_colony_setup_scripted_effects.txt line: 52 accepts only yes or no as values
[23:07:47][effect_impl.cpp:466]: not effect at  file: common/scripted_effects/oc04_origins_civics_colony_setup_scripted_effects.txt line: 52 accepts only yes or no as values
[23:07:47][effect_impl.cpp:466]: any_country effect at  file: common/scripted_effects/oc04_origins_civics_colony_setup_scripted_effects.txt line: 52 accepts only yes or no as values
[23:07:47][effect_impl.cpp:466]: has_country_flag effect at  file: common/scripted_effects/oc04_origins_civics_colony_setup_scripted_effects.txt line: 52 accepts only yes or no as values
[23:07:47][effect.cpp:361]: Error: "Expected format is "key={": colony_homeworld_04, near line: 49
Expected format is "key={": }, near line: 51
" in file: "common/scripted_effects/oc04_origins_civics_colony_setup_scripted_effects.txt" near line: 52
[23:07:47][effect_impl.cpp:466]: limit effect at  file: common/scripted_effects/oc04_origins_civics_colony_setup_scripted_effects.txt line: 54 accepts only yes or no as values
[23:07:47][effect.cpp:361]: Error: "Expected format is "key={": }, near line: 52
Expected format is "key={": oc_colony_empire_05, near line: 53
" in file: "common/scripted_effects/oc04_origins_civics_colony_setup_scripted_effects.txt" near line: 54
[23:07:47][effect_impl.cpp:466]: limit effect at  file: common/scripted_effects/oc04_origins_civics_colony_setup_scripted_effects.txt line: 58 accepts only yes or no as values
[23:07:47][effect_impl.cpp:466]: not effect at  file: common/scripted_effects/oc04_origins_civics_colony_setup_scripted_effects.txt line: 58 accepts only yes or no as values
[23:07:47][effect_impl.cpp:466]: any_country effect at  file: common/scripted_effects/oc04_origins_civics_colony_setup_scripted_effects.txt line: 58 accepts only yes or no as values
[23:07:47][effect_impl.cpp:466]: has_country_flag effect at  file: common/scripted_effects/oc04_origins_civics_colony_setup_scripted_effects.txt line: 58 accepts only yes or no as values
[23:07:47][effect.cpp:361]: Error: "Expected format is "key={": colony_homeworld_05, near line: 55
Expected format is "key={": }, near line: 57
" in file: "common/scripted_effects/oc04_origins_civics_colony_setup_scripted_effects.txt" near line: 58
[23:07:47][effect_impl.cpp:466]: limit effect at  file: common/scripted_effects/oc04_origins_civics_colony_setup_scripted_effects.txt line: 60 accepts only yes or no as values
[23:07:47][effect.cpp:361]: Error: "Expected format is "key={": }, near line: 58
Expected format is "key={": oc_colony_empire_06, near line: 59
" in file: "common/scripted_effects/oc04_origins_civics_colony_setup_scripted_effects.txt" near line: 60
[23:07:47][effect_impl.cpp:466]: limit effect at  file: common/scripted_effects/oc04_origins_civics_colony_setup_scripted_effects.txt line: 64 accepts only yes or no as values
[23:07:47][effect_impl.cpp:466]: not effect at  file: common/scripted_effects/oc04_origins_civics_colony_setup_scripted_effects.txt line: 64 accepts only yes or no as values
[23:07:47][effect_impl.cpp:466]: any_country effect at  file: common/scripted_effects/oc04_origins_civics_colony_setup_scripted_effects.txt line: 64 accepts only yes or no as values
[23:07:47][effect_impl.cpp:466]: has_country_flag effect at  file: common/scripted_effects/oc04_origins_civics_colony_setup_scripted_effects.txt line: 64 accepts only yes or no as values
[23:07:47][effect.cpp:361]: Error: "Expected format is "key={": colony_homeworld_06, near line: 61
Expected format is "key={": }, near line: 63
" in file: "common/scripted_effects/oc04_origins_civics_colony_setup_scripted_effects.txt" near line: 64
[23:07:47][effect_impl.cpp:466]: limit effect at  file: common/scripted_effects/oc04_origins_civics_colony_setup_scripted_effects.txt line: 66 accepts only yes or no as values
[23:07:47][effect.cpp:361]: Error: "Expected format is "key={": }, near line: 64
Expected format is "key={": oc_colony_empire_07, near line: 65
" in file: "common/scripted_effects/oc04_origins_civics_colony_setup_scripted_effects.txt" near line: 66
[23:07:47][effect_impl.cpp:466]: limit effect at  file: common/scripted_effects/oc04_origins_civics_colony_setup_scripted_effects.txt line: 70 accepts only yes or no as values
[23:07:47][effect_impl.cpp:466]: not effect at  file: common/scripted_effects/oc04_origins_civics_colony_setup_scripted_effects.txt line: 70 accepts only yes or no as values
[23:07:47][effect_impl.cpp:466]: any_country effect at  file: common/scripted_effects/oc04_origins_civics_colony_setup_scripted_effects.txt line: 70 accepts only yes or no as values
[23:07:47][effect_impl.cpp:466]: has_country_flag effect at  file: common/scripted_effects/oc04_origins_civics_colony_setup_scripted_effects.txt line: 70 accepts only yes or no as values
[23:07:47][effect.cpp:361]: Error: "Expected format is "key={": colony_homeworld_07, near line: 67
Expected format is "key={": }, near line: 69
" in file: "common/scripted_effects/oc04_origins_civics_colony_setup_scripted_effects.txt" near line: 70
[23:07:47][effect_impl.cpp:466]: limit effect at  file: common/scripted_effects/oc04_origins_civics_colony_setup_scripted_effects.txt line: 72 accepts only yes or no as values
[23:07:47][effect.cpp:361]: Error: "Expected format is "key={": }, near line: 70
Expected format is "key={": oc_colony_empire_08, near line: 71
" in file: "common/scripted_effects/oc04_origins_civics_colony_setup_scripted_effects.txt" near line: 72
[23:07:47][effect_impl.cpp:466]: limit effect at  file: common/scripted_effects/oc04_origins_civics_colony_setup_scripted_effects.txt line: 76 accepts only yes or no as values
[23:07:47][effect_impl.cpp:466]: not effect at  file: common/scripted_effects/oc04_origins_civics_colony_setup_scripted_effects.txt line: 76 accepts only yes or no as values
[23:07:47][effect_impl.cpp:466]: any_country effect at  file: common/scripted_effects/oc04_origins_civics_colony_setup_scripted_effects.txt line: 76 accepts only yes or no as values
[23:07:47][effect_impl.cpp:466]: has_country_flag effect at  file: common/scripted_effects/oc04_origins_civics_colony_setup_scripted_effects.txt line: 76 accepts only yes or no as values
[23:07:47][effect.cpp:361]: Error: "Expected format is "key={": colony_homeworld_08, near line: 73
Expected format is "key={": }, near line: 75
" in file: "common/scripted_effects/oc04_origins_civics_colony_setup_scripted_effects.txt" near line: 76
[23:07:47][effect_impl.cpp:466]: limit effect at  file: common/scripted_effects/oc04_origins_civics_colony_setup_scripted_effects.txt line: 78 accepts only yes or no as values
[23:07:47][effect.cpp:361]: Error: "Expected format is "key={": }, near line: 76
Expected format is "key={": oc_colony_empire_09, near line: 77
" in file: "common/scripted_effects/oc04_origins_civics_colony_setup_scripted_effects.txt" near line: 78
[23:07:47][effect_impl.cpp:466]: limit effect at  file: common/scripted_effects/oc04_origins_civics_colony_setup_scripted_effects.txt line: 82 accepts only yes or no as values
[23:07:47][effect_impl.cpp:466]: not effect at  file: common/scripted_effects/oc04_origins_civics_colony_setup_scripted_effects.txt line: 82 accepts only yes or no as values
[23:07:47][effect_impl.cpp:466]: any_country effect at  file: common/scripted_effects/oc04_origins_civics_colony_setup_scripted_effects.txt line: 82 accepts only yes or no as values
[23:07:47][effect_impl.cpp:466]: has_country_flag effect at  file: common/scripted_effects/oc04_origins_civics_colony_setup_scripted_effects.txt line: 82 accepts only yes or no as values
[23:07:47][effect.cpp:361]: Error: "Expected format is "key={": colony_homeworld_09, near line: 79
Expected format is "key={": }, near line: 81
" in file: "common/scripted_effects/oc04_origins_civics_colony_setup_scripted_effects.txt" near line: 82
[23:07:47][effect_impl.cpp:466]: limit effect at  file: common/scripted_effects/oc04_origins_civics_colony_setup_scripted_effects.txt line: 84 accepts only yes or no as values
[23:07:47][effect.cpp:361]: Error: "Expected format is "key={": }, near line: 82
Expected format is "key={": oc_colony_empire_10, near line: 83
" in file: "common/scripted_effects/oc04_origins_civics_colony_setup_scripted_effects.txt" near line: 84
[23:07:47][effect_impl.cpp:466]: limit effect at  file: common/scripted_effects/oc04_origins_civics_colony_setup_scripted_effects.txt line: 88 accepts only yes or no as values
[23:07:47][effect_impl.cpp:466]: not effect at  file: common/scripted_effects/oc04_origins_civics_colony_setup_scripted_effects.txt line: 88 accepts only yes or no as values
[23:07:47][effect_impl.cpp:466]: any_country effect at  file: common/scripted_effects/oc04_origins_civics_colony_setup_scripted_effects.txt line: 88 accepts only yes or no as values
[23:07:47][effect_impl.cpp:466]: has_country_flag effect at  file: common/scripted_effects/oc04_origins_civics_colony_setup_scripted_effects.txt line: 88 accepts only yes or no as values
[23:07:47][effect.cpp:361]: Error: "Expected format is "key={": colony_homeworld_10, near line: 85
Expected format is "key={": }, near line: 87
" in file: "common/scripted_effects/oc04_origins_civics_colony_setup_scripted_effects.txt" near line: 88
[23:07:47][effect_impl.cpp:466]: limit effect at  file: common/scripted_effects/oc04_origins_civics_colony_setup_scripted_effects.txt line: 90 accepts only yes or no as values
[23:07:47][effect.cpp:361]: Error: "Expected format is "key={": }, near line: 88
Expected format is "key={": oc_colony_empire_11, near line: 89
" in file: "common/scripted_effects/oc04_origins_civics_colony_setup_scripted_effects.txt" near line: 90
[23:07:47][effect_impl.cpp:466]: limit effect at  file: common/scripted_effects/oc04_origins_civics_colony_setup_scripted_effects.txt line: 94 accepts only yes or no as values
[23:07:47][effect_impl.cpp:466]: not effect at  file: common/scripted_effects/oc04_origins_civics_colony_setup_scripted_effects.txt line: 94 accepts only yes or no as values
[23:07:47][effect_impl.cpp:466]: any_country effect at  file: common/scripted_effects/oc04_origins_civics_colony_setup_scripted_effects.txt line: 94 accepts only yes or no as values
[23:07:47][effect_impl.cpp:466]: has_country_flag effect at  file: common/scripted_effects/oc04_origins_civics_colony_setup_scripted_effects.txt line: 94 accepts only yes or no as values
[23:07:47][effect.cpp:361]: Error: "Expected format is "key={": colony_homeworld_11, near line: 91
Expected format is "key={": }, near line: 93
" in file: "common/scripted_effects/oc04_origins_civics_colony_setup_scripted_effects.txt" near line: 94
[23:07:47][effect_impl.cpp:466]: limit effect at  file: common/scripted_effects/oc04_origins_civics_colony_setup_scripted_effects.txt line: 96 accepts only yes or no as values
[23:07:47][effect.cpp:361]: Error: "Expected format is "key={": }, near line: 94
Expected format is "key={": oc_colony_empire_12, near line: 95
" in file: "common/scripted_effects/oc04_origins_civics_colony_setup_scripted_effects.txt" near line: 96
[23:07:47][effect_impl.cpp:466]: limit effect at  file: common/scripted_effects/oc04_origins_civics_colony_setup_scripted_effects.txt line: 100 accepts only yes or no as values
[23:07:47][effect_impl.cpp:466]: not effect at  file: common/scripted_effects/oc04_origins_civics_colony_setup_scripted_effects.txt line: 100 accepts only yes or no as values
[23:07:47][effect_impl.cpp:466]: any_country effect at  file: common/scripted_effects/oc04_origins_civics_colony_setup_scripted_effects.txt line: 100 accepts only yes or no as values
[23:07:47][effect_impl.cpp:466]: has_country_flag effect at  file: common/scripted_effects/oc04_origins_civics_colony_setup_scripted_effects.txt line: 100 accepts only yes or no as values
[23:07:47][effect.cpp:361]: Error: "Expected format is "key={": colony_homeworld_12, near line: 97
Expected format is "key={": }, near line: 99
" in file: "common/scripted_effects/oc04_origins_civics_colony_setup_scripted_effects.txt" near line: 100
[23:07:47][effect_impl.cpp:466]: limit effect at  file: common/scripted_effects/oc04_origins_civics_colony_setup_scripted_effects.txt line: 102 accepts only yes or no as values
[23:07:47][effect.cpp:361]: Error: "Expected format is "key={": }, near line: 100
Expected format is "key={": oc_colony_empire_13, near line: 101
" in file: "common/scripted_effects/oc04_origins_civics_colony_setup_scripted_effects.txt" near line: 102
[23:07:47][effect_impl.cpp:466]: limit effect at  file: common/scripted_effects/oc04_origins_civics_colony_setup_scripted_effects.txt line: 106 accepts only yes or no as values
[23:07:47][effect_impl.cpp:466]: not effect at  file: common/scripted_effects/oc04_origins_civics_colony_setup_scripted_effects.txt line: 106 accepts only yes or no as values
[23:07:47][effect_impl.cpp:466]: any_country effect at  file: common/scripted_effects/oc04_origins_civics_colony_setup_scripted_effects.txt line: 106 accepts only yes or no as values
[23:07:47][effect_impl.cpp:466]: has_country_flag effect at  file: common/scripted_effects/oc04_origins_civics_colony_setup_scripted_effects.txt line: 106 accepts only yes or no as values
[23:07:47][effect.cpp:361]: Error: "Expected format is "key={": colony_homeworld_13, near line: 103
Expected format is "key={": }, near line: 105
" in file: "common/scripted_effects/oc04_origins_civics_colony_setup_scripted_effects.txt" near line: 106
[23:07:47][effect_impl.cpp:466]: limit effect at  file: common/scripted_effects/oc04_origins_civics_colony_setup_scripted_effects.txt line: 108 accepts only yes or no as values
[23:07:47][effect.cpp:361]: Error: "Expected format is "key={": }, near line: 106
Expected format is "key={": oc_colony_empire_14, near line: 107
" in file: "common/scripted_effects/oc04_origins_civics_colony_setup_scripted_effects.txt" near line: 108
[23:07:47][effect_impl.cpp:466]: limit effect at  file: common/scripted_effects/oc04_origins_civics_colony_setup_scripted_effects.txt line: 112 accepts only yes or no as values
[23:07:47][effect_impl.cpp:466]: not effect at  file: common/scripted_effects/oc04_origins_civics_colony_setup_scripted_effects.txt line: 112 accepts only yes or no as values
[23:07:47][effect_impl.cpp:466]: any_country effect at  file: common/scripted_effects/oc04_origins_civics_colony_setup_scripted_effects.txt line: 112 accepts only yes or no as values
[23:07:47][effect_impl.cpp:466]: has_country_flag effect at  file: common/scripted_effects/oc04_origins_civics_colony_setup_scripted_effects.txt line: 112 accepts only yes or no as values
[23:07:47][effect.cpp:361]: Error: "Expected format is "key={": colony_homeworld_14, near line: 109
Expected format is "key={": }, near line: 111
" in file: "common/scripted_effects/oc04_origins_civics_colony_setup_scripted_effects.txt" near line: 112
[23:07:47][effect_impl.cpp:466]: limit effect at  file: common/scripted_effects/oc04_origins_civics_colony_setup_scripted_effects.txt line: 114 accepts only yes or no as values
[23:07:47][effect.cpp:361]: Error: "Expected format is "key={": }, near line: 112
Expected format is "key={": oc_colony_empire_15, near line: 113
" in file: "common/scripted_effects/oc04_origins_civics_colony_setup_scripted_effects.txt" near line: 114
[23:07:47][effect_impl.cpp:466]: limit effect at  file: common/scripted_effects/oc04_origins_civics_colony_setup_scripted_effects.txt line: 118 accepts only yes or no as values
[23:07:47][effect_impl.cpp:466]: not effect at  file: common/scripted_effects/oc04_origins_civics_colony_setup_scripted_effects.txt line: 118 accepts only yes or no as values
[23:07:47][effect_impl.cpp:466]: any_country effect at  file: common/scripted_effects/oc04_origins_civics_colony_setup_scripted_effects.txt line: 118 accepts only yes or no as values
[23:07:47][effect_impl.cpp:466]: has_country_flag effect at  file: common/scripted_effects/oc04_origins_civics_colony_setup_scripted_effects.txt line: 118 accepts only yes or no as values
[23:07:47][effect.cpp:361]: Error: "Expected format is "key={": colony_homeworld_15, near line: 115
Expected format is "key={": }, near line: 117
" in file: "common/scripted_effects/oc04_origins_civics_colony_setup_scripted_effects.txt" near line: 118
[23:07:47][effect_impl.cpp:466]: limit effect at  file: common/scripted_effects/oc04_origins_civics_colony_setup_scripted_effects.txt line: 120 accepts only yes or no as values
[23:07:47][effect.cpp:361]: Error: "Expected format is "key={": }, near line: 118
Expected format is "key={": oc_colony_empire_16, near line: 119
" in file: "common/scripted_effects/oc04_origins_civics_colony_setup_scripted_effects.txt" near line: 120
[23:07:47][effect_impl.cpp:466]: limit effect at  file: common/scripted_effects/oc04_origins_civics_colony_setup_scripted_effects.txt line: 124 accepts only yes or no as values
[23:07:47][effect_impl.cpp:466]: not effect at  file: common/scripted_effects/oc04_origins_civics_colony_setup_scripted_effects.txt line: 124 accepts only yes or no as values
[23:07:47][effect_impl.cpp:466]: any_country effect at  file: common/scripted_effects/oc04_origins_civics_colony_setup_scripted_effects.txt line: 124 accepts only yes or no as values
[23:07:47][effect_impl.cpp:466]: has_country_flag effect at  file: common/scripted_effects/oc04_origins_civics_colony_setup_scripted_effects.txt line: 124 accepts only yes or no as values
[23:07:47][effect.cpp:361]: Error: "Expected format is "key={": colony_homeworld_16, near line: 121
Expected format is "key={": }, near line: 123
" in file: "common/scripted_effects/oc04_origins_civics_colony_setup_scripted_effects.txt" near line: 124
[23:07:47][effect_impl.cpp:466]: limit effect at  file: common/scripted_effects/oc04_origins_civics_colony_setup_scripted_effects.txt line: 126 accepts only yes or no as values
[23:07:47][effect.cpp:361]: Error: "Expected format is "key={": }, near line: 124
Expected format is "key={": oc_colony_empire_17, near line: 125
" in file: "common/scripted_effects/oc04_origins_civics_colony_setup_scripted_effects.txt" near line: 126
[23:07:47][effect_impl.cpp:466]: limit effect at  file: common/scripted_effects/oc04_origins_civics_colony_setup_scripted_effects.txt line: 130 accepts only yes or no as values
[23:07:47][effect_impl.cpp:466]: not effect at  file: common/scripted_effects/oc04_origins_civics_colony_setup_scripted_effects.txt line: 130 accepts only yes or no as values
[23:07:47][effect_impl.cpp:466]: any_country effect at  file: common/scripted_effects/oc04_origins_civics_colony_setup_scripted_effects.txt line: 130 accepts only yes or no as values
[23:07:47][effect_impl.cpp:466]: has_country_flag effect at  file: common/scripted_effects/oc04_origins_civics_colony_setup_scripted_effects.txt line: 130 accepts only yes or no as values
[23:07:47][effect.cpp:361]: Error: "Expected format is "key={": colony_homeworld_17, near line: 127
Expected format is "key={": }, near line: 129
" in file: "common/scripted_effects/oc04_origins_civics_colony_setup_scripted_effects.txt" near line: 130
[23:07:47][effect_impl.cpp:466]: limit effect at  file: common/scripted_effects/oc04_origins_civics_colony_setup_scripted_effects.txt line: 132 accepts only yes or no as values
[23:07:47][effect.cpp:361]: Error: "Expected format is "key={": }, near line: 130
Expected format is "key={": oc_colony_empire_18, near line: 131
" in file: "common/scripted_effects/oc04_origins_civics_colony_setup_scripted_effects.txt" near line: 132
[23:07:47][effect_impl.cpp:466]: limit effect at  file: common/scripted_effects/oc04_origins_civics_colony_setup_scripted_effects.txt line: 136 accepts only yes or no as values
[23:07:47][effect_impl.cpp:466]: not effect at  file: common/scripted_effects/oc04_origins_civics_colony_setup_scripted_effects.txt line: 136 accepts only yes or no as values
[23:07:47][effect_impl.cpp:466]: any_country effect at  file: common/scripted_effects/oc04_origins_civics_colony_setup_scripted_effects.txt line: 136 accepts only yes or no as values
[23:07:47][effect_impl.cpp:466]: has_country_flag effect at  file: common/scripted_effects/oc04_origins_civics_colony_setup_scripted_effects.txt line: 136 accepts only yes or no as values
[23:07:47][effect.cpp:361]: Error: "Expected format is "key={": colony_homeworld_18, near line: 133
Expected format is "key={": }, near line: 135
" in file: "common/scripted_effects/oc04_origins_civics_colony_setup_scripted_effects.txt" near line: 136
[23:07:47][effect_impl.cpp:466]: limit effect at  file: common/scripted_effects/oc04_origins_civics_colony_setup_scripted_effects.txt line: 138 accepts only yes or no as values
[23:07:47][effect.cpp:361]: Error: "Expected format is "key={": }, near line: 136
Expected format is "key={": oc_colony_empire_19, near line: 137
" in file: "common/scripted_effects/oc04_origins_civics_colony_setup_scripted_effects.txt" near line: 138
[23:07:47][effect_impl.cpp:466]: limit effect at  file: common/scripted_effects/oc04_origins_civics_colony_setup_scripted_effects.txt line: 142 accepts only yes or no as values
[23:07:47][effect_impl.cpp:466]: not effect at  file: common/scripted_effects/oc04_origins_civics_colony_setup_scripted_effects.txt line: 142 accepts only yes or no as values
[23:07:47][effect_impl.cpp:466]: any_country effect at  file: common/scripted_effects/oc04_origins_civics_colony_setup_scripted_effects.txt line: 142 accepts only yes or no as values
[23:07:47][effect_impl.cpp:466]: has_country_flag effect at  file: common/scripted_effects/oc04_origins_civics_colony_setup_scripted_effects.txt line: 142 accepts only yes or no as values
[23:07:47][effect.cpp:361]: Error: "Expected format is "key={": colony_homeworld_19, near line: 139
Expected format is "key={": }, near line: 141
" in file: "common/scripted_effects/oc04_origins_civics_colony_setup_scripted_effects.txt" near line: 142
[23:07:47][effect_impl.cpp:466]: limit effect at  file: common/scripted_effects/oc04_origins_civics_colony_setup_scripted_effects.txt line: 144 accepts only yes or no as values
[23:07:47][effect.cpp:361]: Error: "Expected format is "key={": }, near line: 142
Expected format is "key={": oc_colony_empire_20, near line: 143
" in file: "common/scripted_effects/oc04_origins_civics_colony_setup_scripted_effects.txt" near line: 144
[23:07:47][effect_impl.cpp:466]: limit effect at  file: common/scripted_effects/oc04_origins_civics_colony_setup_scripted_effects.txt line: 148 accepts only yes or no as values
[23:07:47][effect_impl.cpp:466]: not effect at  file: common/scripted_effects/oc04_origins_civics_colony_setup_scripted_effects.txt line: 148 accepts only yes or no as values
[23:07:47][effect_impl.cpp:466]: any_country effect at  file: common/scripted_effects/oc04_origins_civics_colony_setup_scripted_effects.txt line: 148 accepts only yes or no as values
[23:07:47][effect_impl.cpp:466]: has_country_flag effect at  file: common/scripted_effects/oc04_origins_civics_colony_setup_scripted_effects.txt line: 148 accepts only yes or no as values
[23:07:47][effect.cpp:361]: Error: "Expected format is "key={": colony_homeworld_20, near line: 145
Expected format is "key={": }, near line: 147
" in file: "common/scripted_effects/oc04_origins_civics_colony_setup_scripted_effects.txt" near line: 148
[23:07:47][effect_impl.cpp:466]: limit effect at  file: common/scripted_effects/oc04_origins_civics_colony_setup_scripted_effects.txt line: 150 accepts only yes or no as values
[23:07:47][effect.cpp:361]: Error: "Expected format is "key={": }, near line: 148
Expected format is "key={": oc_colony_empire_21, near line: 149
" in file: "common/scripted_effects/oc04_origins_civics_colony_setup_scripted_effects.txt" near line: 150
[23:07:47][effect_impl.cpp:466]: limit effect at  file: common/scripted_effects/oc04_origins_civics_colony_setup_scripted_effects.txt line: 154 accepts only yes or no as values
[23:07:47][effect_impl.cpp:466]: not effect at  file: common/scripted_effects/oc04_origins_civics_colony_setup_scripted_effects.txt line: 154 accepts only yes or no as values
[23:07:47][effect_impl.cpp:466]: any_country effect at  file: common/scripted_effects/oc04_origins_civics_colony_setup_scripted_effects.txt line: 154 accepts only yes or no as values
[23:07:47][effect_impl.cpp:466]: has_country_flag effect at  file: common/scripted_effects/oc04_origins_civics_colony_setup_scripted_effects.txt line: 154 accepts only yes or no as values
[23:07:47][effect.cpp:361]: Error: "Expected format is "key={": colony_homeworld_21, near line: 151
Expected format is "key={": }, near line: 153
" in file: "common/scripted_effects/oc04_origins_civics_colony_setup_scripted_effects.txt" near line: 154
[23:07:47][effect_impl.cpp:466]: limit effect at  file: common/scripted_effects/oc04_origins_civics_colony_setup_scripted_effects.txt line: 156 accepts only yes or no as values
[23:07:47][effect.cpp:361]: Error: "Expected format is "key={": }, near line: 154
Expected format is "key={": oc_colony_empire_22, near line: 155
" in file: "common/scripted_effects/oc04_origins_civics_colony_setup_scripted_effects.txt" near line: 156
[23:07:47][effect_impl.cpp:466]: limit effect at  file: common/scripted_effects/oc04_origins_civics_colony_setup_scripted_effects.txt line: 160 accepts only yes or no as values
[23:07:47][effect_impl.cpp:466]: not effect at  file: common/scripted_effects/oc04_origins_civics_colony_setup_scripted_effects.txt line: 160 accepts only yes or no as values
[23:07:47][effect_impl.cpp:466]: any_country effect at  file: common/scripted_effects/oc04_origins_civics_colony_setup_scripted_effects.txt line: 160 accepts only yes or no as values
[23:07:47][effect_impl.cpp:466]: has_country_flag effect at  file: common/scripted_effects/oc04_origins_civics_colony_setup_scripted_effects.txt line: 160 accepts only yes or no as values
[23:07:47][effect.cpp:361]: Error: "Expected format is "key={": colony_homeworld_22, near line: 157
Expected format is "key={": }, near line: 159
" in file: "common/scripted_effects/oc04_origins_civics_colony_setup_scripted_effects.txt" near line: 160
[23:07:47][effect_impl.cpp:466]: limit effect at  file: common/scripted_effects/oc04_origins_civics_colony_setup_scripted_effects.txt line: 162 accepts only yes or no as values
[23:07:47][effect.cpp:361]: Error: "Expected format is "key={": }, near line: 160
Expected format is "key={": oc_colony_empire_23, near line: 161
" in file: "common/scripted_effects/oc04_origins_civics_colony_setup_scripted_effects.txt" near line: 162
[23:07:47][effect_impl.cpp:466]: limit effect at  file: common/scripted_effects/oc04_origins_civics_colony_setup_scripted_effects.txt line: 166 accepts only yes or no as values
[23:07:47][effect_impl.cpp:466]: not effect at  file: common/scripted_effects/oc04_origins_civics_colony_setup_scripted_effects.txt line: 166 accepts only yes or no as values
[23:07:47][effect_impl.cpp:466]: any_country effect at  file: common/scripted_effects/oc04_origins_civics_colony_setup_scripted_effects.txt line: 166 accepts only yes or no as values
[23:07:47][effect_impl.cpp:466]: has_country_flag effect at  file: common/scripted_effects/oc04_origins_civics_colony_setup_scripted_effects.txt line: 166 accepts only yes or no as values
[23:07:47][effect.cpp:361]: Error: "Expected format is "key={": colony_homeworld_23, near line: 163
Expected format is "key={": }, near line: 165
" in file: "common/scripted_effects/oc04_origins_civics_colony_setup_scripted_effects.txt" near line: 166
[23:07:47][effect_impl.cpp:466]: limit effect at  file: common/scripted_effects/oc04_origins_civics_colony_setup_scripted_effects.txt line: 168 accepts only yes or no as values
[23:07:47][effect.cpp:361]: Error: "Expected format is "key={": }, near line: 166
Expected format is "key={": oc_colony_empire_24, near line: 167
" in file: "common/scripted_effects/oc04_origins_civics_colony_setup_scripted_effects.txt" near line: 168
[23:07:47][effect_impl.cpp:466]: limit effect at  file: common/scripted_effects/oc04_origins_civics_colony_setup_scripted_effects.txt line: 172 accepts only yes or no as values
[23:07:47][effect_impl.cpp:466]: not effect at  file: common/scripted_effects/oc04_origins_civics_colony_setup_scripted_effects.txt line: 172 accepts only yes or no as values
[23:07:47][effect_impl.cpp:466]: any_country effect at  file: common/scripted_effects/oc04_origins_civics_colony_setup_scripted_effects.txt line: 172 accepts only yes or no as values
[23:07:47][effect_impl.cpp:466]: has_country_flag effect at  file: common/scripted_effects/oc04_origins_civics_colony_setup_scripted_effects.txt line: 172 accepts only yes or no as values
[23:07:47][effect.cpp:361]: Error: "Expected format is "key={": colony_homeworld_24, near line: 169
Expected format is "key={": }, near line: 171
" in file: "common/scripted_effects/oc04_origins_civics_colony_setup_scripted_effects.txt" near line: 172
[23:07:47][effect_impl.cpp:466]: limit effect at  file: common/scripted_effects/oc04_origins_civics_colony_setup_scripted_effects.txt line: 174 accepts only yes or no as values
[23:07:47][effect.cpp:361]: Error: "Expected format is "key={": }, near line: 172
Expected format is "key={": oc_colony_empire_25, near line: 173
" in file: "common/scripted_effects/oc04_origins_civics_colony_setup_scripted_effects.txt" near line: 174
[23:07:47][effect_impl.cpp:466]: limit effect at  file: common/scripted_effects/oc04_origins_civics_colony_setup_scripted_effects.txt line: 178 accepts only yes or no as values
[23:07:47][effect_impl.cpp:466]: not effect at  file: common/scripted_effects/oc04_origins_civics_colony_setup_scripted_effects.txt line: 178 accepts only yes or no as values
[23:07:47][effect_impl.cpp:466]: any_country effect at  file: common/scripted_effects/oc04_origins_civics_colony_setup_scripted_effects.txt line: 178 accepts only yes or no as values
[23:07:47][effect_impl.cpp:466]: has_country_flag effect at  file: common/scripted_effects/oc04_origins_civics_colony_setup_scripted_effects.txt line: 178 accepts only yes or no as values
[23:07:47][effect.cpp:361]: Error: "Expected format is "key={": colony_homeworld_25, near line: 175
Expected format is "key={": }, near line: 177
" in file: "common/scripted_effects/oc04_origins_civics_colony_setup_scripted_effects.txt" near line: 178
[23:07:47][effect_impl.cpp:466]: limit effect at  file: common/scripted_effects/oc04_origins_civics_colony_setup_scripted_effects.txt line: 180 accepts only yes or no as values
[23:07:47][effect.cpp:361]: Error: "Expected format is "key={": }, near line: 178
Expected format is "key={": oc_colony_empire_26, near line: 179
" in file: "common/scripted_effects/oc04_origins_civics_colony_setup_scripted_effects.txt" near line: 180
[23:07:47][effect_impl.cpp:466]: limit effect at  file: common/scripted_effects/oc04_origins_civics_colony_setup_scripted_effects.txt line: 184 accepts only yes or no as values
[23:07:47][effect_impl.cpp:466]: not effect at  file: common/scripted_effects/oc04_origins_civics_colony_setup_scripted_effects.txt line: 184 accepts only yes or no as values
[23:07:47][effect_impl.cpp:466]: any_country effect at  file: common/scripted_effects/oc04_origins_civics_colony_setup_scripted_effects.txt line: 184 accepts only yes or no as values
[23:07:47][effect_impl.cpp:466]: has_country_flag effect at  file: common/scripted_effects/oc04_origins_civics_colony_setup_scripted_effects.txt line: 184 accepts only yes or no as values
[23:07:47][effect.cpp:361]: Error: "Expected format is "key={": colony_homeworld_26, near line: 181
Expected format is "key={": }, near line: 183
" in file: "common/scripted_effects/oc04_origins_civics_colony_setup_scripted_effects.txt" near line: 184
[23:07:47][effect_impl.cpp:466]: limit effect at  file: common/scripted_effects/oc04_origins_civics_colony_setup_scripted_effects.txt line: 186 accepts only yes or no as values
[23:07:47][effect.cpp:361]: Error: "Expected format is "key={": }, near line: 184
Expected format is "key={": oc_colony_empire_27, near line: 185
" in file: "common/scripted_effects/oc04_origins_civics_colony_setup_scripted_effects.txt" near line: 186
[23:07:47][effect_impl.cpp:466]: limit effect at  file: common/scripted_effects/oc04_origins_civics_colony_setup_scripted_effects.txt line: 190 accepts only yes or no as values
[23:07:47][effect_impl.cpp:466]: not effect at  file: common/scripted_effects/oc04_origins_civics_colony_setup_scripted_effects.txt line: 190 accepts only yes or no as values
[23:07:47][effect_impl.cpp:466]: any_country effect at  file: common/scripted_effects/oc04_origins_civics_colony_setup_scripted_effects.txt line: 190 accepts only yes or no as values
[23:07:47][effect_impl.cpp:466]: has_country_flag effect at  file: common/scripted_effects/oc04_origins_civics_colony_setup_scripted_effects.txt line: 190 accepts only yes or no as values
[23:07:47][effect.cpp:361]: Error: "Expected format is "key={": colony_homeworld_27, near line: 187
Expected format is "key={": }, near line: 189
" in file: "common/scripted_effects/oc04_origins_civics_colony_setup_scripted_effects.txt" near line: 190
[23:07:47][effect_impl.cpp:466]: limit effect at  file: common/scripted_effects/oc04_origins_civics_colony_setup_scripted_effects.txt line: 192 accepts only yes or no as values
[23:07:47][effect.cpp:361]: Error: "Expected format is "key={": }, near line: 190
Expected format is "key={": oc_colony_empire_28, near line: 191
" in file: "common/scripted_effects/oc04_origins_civics_colony_setup_scripted_effects.txt" near line: 192
[23:07:47][effect_impl.cpp:466]: limit effect at  file: common/scripted_effects/oc04_origins_civics_colony_setup_scripted_effects.txt line: 196 accepts only yes or no as values
[23:07:47][effect_impl.cpp:466]: not effect at  file: common/scripted_effects/oc04_origins_civics_colony_setup_scripted_effects.txt line: 196 accepts only yes or no as values
[23:07:47][effect_impl.cpp:466]: any_country effect at  file: common/scripted_effects/oc04_origins_civics_colony_setup_scripted_effects.txt line: 196 accepts only yes or no as values
[23:07:47][effect_impl.cpp:466]: has_country_flag effect at  file: common/scripted_effects/oc04_origins_civics_colony_setup_scripted_effects.txt line: 196 accepts only yes or no as values
[23:07:47][effect.cpp:361]: Error: "Expected format is "key={": colony_homeworld_28, near line: 193
Expected format is "key={": }, near line: 195
" in file: "common/scripted_effects/oc04_origins_civics_colony_setup_scripted_effects.txt" near line: 196
[23:07:47][effect_impl.cpp:466]: limit effect at  file: common/scripted_effects/oc04_origins_civics_colony_setup_scripted_effects.txt line: 198 accepts only yes or no as values
[23:07:47][effect.cpp:361]: Error: "Expected format is "key={": }, near line: 196
Expected format is "key={": oc_colony_empire_29, near line: 197
" in file: "common/scripted_effects/oc04_origins_civics_colony_setup_scripted_effects.txt" near line: 198
[23:07:47][effect_impl.cpp:466]: limit effect at  file: common/scripted_effects/oc04_origins_civics_colony_setup_scripted_effects.txt line: 202 accepts only yes or no as values
[23:07:47][effect_impl.cpp:466]: not effect at  file: common/scripted_effects/oc04_origins_civics_colony_setup_scripted_effects.txt line: 202 accepts only yes or no as values
[23:07:47][effect_impl.cpp:466]: any_country effect at  file: common/scripted_effects/oc04_origins_civics_colony_setup_scripted_effects.txt line: 202 accepts only yes or no as values
[23:07:47][effect_impl.cpp:466]: has_country_flag effect at  file: common/scripted_effects/oc04_origins_civics_colony_setup_scripted_effects.txt line: 202 accepts only yes or no as values
[23:07:47][effect.cpp:361]: Error: "Expected format is "key={": colony_homeworld_29, near line: 199
Expected format is "key={": }, near line: 201
" in file: "common/scripted_effects/oc04_origins_civics_colony_setup_scripted_effects.txt" near line: 202
[23:07:47][effect_impl.cpp:466]: limit effect at  file: common/scripted_effects/oc04_origins_civics_colony_setup_scripted_effects.txt line: 204 accepts only yes or no as values
[23:07:47][effect.cpp:361]: Error: "Expected format is "key={": }, near line: 202
Expected format is "key={": oc_colony_empire_30, near line: 203
" in file: "common/scripted_effects/oc04_origins_civics_colony_setup_scripted_effects.txt" near line: 204
[23:07:47][effect_impl.cpp:466]: limit effect at  file: common/scripted_effects/oc04_origins_civics_colony_setup_scripted_effects.txt line: 208 accepts only yes or no as values
[23:07:47][effect_impl.cpp:466]: not effect at  file: common/scripted_effects/oc04_origins_civics_colony_setup_scripted_effects.txt line: 208 accepts only yes or no as values
[23:07:47][effect_impl.cpp:466]: any_country effect at  file: common/scripted_effects/oc04_origins_civics_colony_setup_scripted_effects.txt line: 208 accepts only yes or no as values
[23:07:47][effect_impl.cpp:466]: has_country_flag effect at  file: common/scripted_effects/oc04_origins_civics_colony_setup_scripted_effects.txt line: 208 accepts only yes or no as values
[23:07:47][effect.cpp:361]: Error: "Expected format is "key={": colony_homeworld_30, near line: 205
Expected format is "key={": }, near line: 207
" in file: "common/scripted_effects/oc04_origins_civics_colony_setup_scripted_effects.txt" near line: 208
[23:07:47][effect_impl.cpp:466]: limit effect at  file: common/scripted_effects/oc04_origins_civics_colony_setup_scripted_effects.txt line: 210 accepts only yes or no as values
[23:07:47][effect.cpp:361]: Error: "Expected format is "key={": }, near line: 208
Expected format is "key={": oc_colony_empire_31, near line: 209
" in file: "common/scripted_effects/oc04_origins_civics_colony_setup_scripted_effects.txt" near line: 210
[23:07:47][effect_impl.cpp:466]: limit effect at  file: common/scripted_effects/oc04_origins_civics_colony_setup_scripted_effects.txt line: 214 accepts only yes or no as values
[23:07:47][effect_impl.cpp:466]: not effect at  file: common/scripted_effects/oc04_origins_civics_colony_setup_scripted_effects.txt line: 214 accepts only yes or no as values
[23:07:47][effect_impl.cpp:466]: any_country effect at  file: common/scripted_effects/oc04_origins_civics_colony_setup_scripted_effects.txt line: 214 accepts only yes or no as values
[23:07:47][effect_impl.cpp:466]: has_country_flag effect at  file: common/scripted_effects/oc04_origins_civics_colony_setup_scripted_effects.txt line: 214 accepts only yes or no as values
[23:07:47][effect.cpp:361]: Error: "Expected format is "key={": colony_homeworld_31, near line: 211
Expected format is "key={": }, near line: 213
" in file: "common/scripted_effects/oc04_origins_civics_colony_setup_scripted_effects.txt" near line: 214
[23:07:47][effect_impl.cpp:466]: limit effect at  file: common/scripted_effects/oc04_origins_civics_colony_setup_scripted_effects.txt line: 216 accepts only yes or no as values
[23:07:47][effect.cpp:361]: Error: "Expected format is "key={": }, near line: 214
Expected format is "key={": oc_colony_empire_32, near line: 215
" in file: "common/scripted_effects/oc04_origins_civics_colony_setup_scripted_effects.txt" near line: 216
[23:07:47][effect.cpp:361]: Error: "Expected format is "key={": colony_homeworld_32, near line: 217
Expected format is "key={": }, near line: 219
" in file: "common/scripted_effects/oc04_origins_civics_colony_setup_scripted_effects.txt" near line: 222
[23:07:47][effect_impl.cpp:466]: limit effect at  file: common/scripted_effects/oc04_origins_civics_colony_setup_scripted_effects.txt line: 228 accepts only yes or no as values
[23:07:47][effect_impl.cpp:466]: has_country_flag effect at  file: common/scripted_effects/oc04_origins_civics_colony_setup_scripted_effects.txt line: 228 accepts only yes or no as values
[23:07:47][effect.cpp:361]: Error: "Expected format is "key={": oc_set_colony_flag, near line: 227
Expected format is "key={": {, near line: 227
" in file: "common/scripted_effects/oc04_origins_civics_colony_setup_scripted_effects.txt" near line: 228
[23:07:47][effect_impl.cpp:466]: has_country_flag effect at  file: common/scripted_effects/oc04_origins_civics_colony_setup_scripted_effects.txt line: 231 accepts only yes or no as values
[23:07:47][effect.cpp:361]: Error: "Expected format is "key={": oc_colony_empire_earth, near line: 229
Expected format is "key={": else_if, near line: 231
Expected format is "key={": {, near line: 231
" in file: "common/scripted_effects/oc04_origins_civics_colony_setup_scripted_effects.txt" near line: 231
[23:07:47][game_singleobjectdatabase.h:147]: Object with key: limit already exists
[23:07:47][effect_impl.cpp:466]: has_country_flag effect at  file: common/scripted_effects/oc04_origins_civics_colony_setup_scripted_effects.txt line: 234 accepts only yes or no as values
[23:07:47][effect.cpp:361]: Error: "Expected format is "key={": oc_colony_empire_01, near line: 232
Expected format is "key={": else_if, near line: 234
Expected format is "key={": {, near line: 234
" in file: "common/scripted_effects/oc04_origins_civics_colony_setup_scripted_effects.txt" near line: 234
[23:07:47][effect_impl.cpp:466]: has_country_flag effect at  file: common/scripted_effects/oc04_origins_civics_colony_setup_scripted_effects.txt line: 237 accepts only yes or no as values
[23:07:47][effect.cpp:361]: Error: "Expected format is "key={": oc_colony_empire_02, near line: 235
Expected format is "key={": else_if, near line: 237
Expected format is "key={": {, near line: 237
" in file: "common/scripted_effects/oc04_origins_civics_colony_setup_scripted_effects.txt" near line: 237
[23:07:47][effect_impl.cpp:466]: has_country_flag effect at  file: common/scripted_effects/oc04_origins_civics_colony_setup_scripted_effects.txt line: 240 accepts only yes or no as values
[23:07:47][effect.cpp:361]: Error: "Expected format is "key={": oc_colony_empire_03, near line: 238
Expected format is "key={": else_if, near line: 240
Expected format is "key={": {, near line: 240
" in file: "common/scripted_effects/oc04_origins_civics_colony_setup_scripted_effects.txt" near line: 240
[23:07:47][effect_impl.cpp:466]: has_country_flag effect at  file: common/scripted_effects/oc04_origins_civics_colony_setup_scripted_effects.txt line: 243 accepts only yes or no as values
[23:07:47][effect.cpp:361]: Error: "Expected format is "key={": oc_colony_empire_04, near line: 241
Expected format is "key={": else_if, near line: 243
Expected format is "key={": {, near line: 243
" in file: "common/scripted_effects/oc04_origins_civics_colony_setup_scripted_effects.txt" near line: 243
[23:07:47][effect_impl.cpp:466]: has_country_flag effect at  file: common/scripted_effects/oc04_origins_civics_colony_setup_scripted_effects.txt line: 246 accepts only yes or no as values
[23:07:47][effect.cpp:361]: Error: "Expected format is "key={": oc_colony_empire_05, near line: 244
Expected format is "key={": else_if, near line: 246
Expected format is "key={": {, near line: 246
" in file: "common/scripted_effects/oc04_origins_civics_colony_setup_scripted_effects.txt" near line: 246
[23:07:47][effect_impl.cpp:466]: has_country_flag effect at  file: common/scripted_effects/oc04_origins_civics_colony_setup_scripted_effects.txt line: 249 accepts only yes or no as values
[23:07:47][effect.cpp:361]: Error: "Expected format is "key={": oc_colony_empire_06, near line: 247
Expected format is "key={": else_if, near line: 249
Expected format is "key={": {, near line: 249
" in file: "common/scripted_effects/oc04_origins_civics_colony_setup_scripted_effects.txt" near line: 249
[23:07:47][effect_impl.cpp:466]: has_country_flag effect at  file: common/scripted_effects/oc04_origins_civics_colony_setup_scripted_effects.txt line: 252 accepts only yes or no as values
[23:07:47][effect.cpp:361]: Error: "Expected format is "key={": oc_colony_empire_07, near line: 250
Expected format is "key={": else_if, near line: 252
Expected format is "key={": {, near line: 252
" in file: "common/scripted_effects/oc04_origins_civics_colony_setup_scripted_effects.txt" near line: 252
[23:07:47][effect_impl.cpp:466]: has_country_flag effect at  file: common/scripted_effects/oc04_origins_civics_colony_setup_scripted_effects.txt line: 255 accepts only yes or no as values
[23:07:47][effect.cpp:361]: Error: "Expected format is "key={": oc_colony_empire_08, near line: 253
Expected format is "key={": else_if, near line: 255
Expected format is "key={": {, near line: 255
" in file: "common/scripted_effects/oc04_origins_civics_colony_setup_scripted_effects.txt" near line: 255
[23:07:47][effect_impl.cpp:466]: has_country_flag effect at  file: common/scripted_effects/oc04_origins_civics_colony_setup_scripted_effects.txt line: 258 accepts only yes or no as values
[23:07:47][effect.cpp:361]: Error: "Expected format is "key={": oc_colony_empire_09, near line: 256
Expected format is "key={": else_if, near line: 258
Expected format is "key={": {, near line: 258
" in file: "common/scripted_effects/oc04_origins_civics_colony_setup_scripted_effects.txt" near line: 258
[23:07:47][effect_impl.cpp:466]: has_country_flag effect at  file: common/scripted_effects/oc04_origins_civics_colony_setup_scripted_effects.txt line: 261 accepts only yes or no as values
[23:07:47][effect.cpp:361]: Error: "Expected format is "key={": oc_colony_empire_10, near line: 259
Expected format is "key={": else_if, near line: 261
Expected format is "key={": {, near line: 261
" in file: "common/scripted_effects/oc04_origins_civics_colony_setup_scripted_effects.txt" near line: 261
[23:07:47][effect_impl.cpp:466]: has_country_flag effect at  file: common/scripted_effects/oc04_origins_civics_colony_setup_scripted_effects.txt line: 264 accepts only yes or no as values
[23:07:47][effect.cpp:361]: Error: "Expected format is "key={": oc_colony_empire_11, near line: 262
Expected format is "key={": else_if, near line: 264
Expected format is "key={": {, near line: 264
" in file: "common/scripted_effects/oc04_origins_civics_colony_setup_scripted_effects.txt" near line: 264
[23:07:47][effect_impl.cpp:466]: has_country_flag effect at  file: common/scripted_effects/oc04_origins_civics_colony_setup_scripted_effects.txt line: 267 accepts only yes or no as values
[23:07:47][effect.cpp:361]: Error: "Expected format is "key={": oc_colony_empire_12, near line: 265
Expected format is "key={": else_if, near line: 267
Expected format is "key={": {, near line: 267
" in file: "common/scripted_effects/oc04_origins_civics_colony_setup_scripted_effects.txt" near line: 267
[23:07:47][effect_impl.cpp:466]: has_country_flag effect at  file: common/scripted_effects/oc04_origins_civics_colony_setup_scripted_effects.txt line: 270 accepts only yes or no as values
[23:07:47][effect.cpp:361]: Error: "Expected format is "key={": oc_colony_empire_13, near line: 268
Expected format is "key={": else_if, near line: 270
Expected format is "key={": {, near line: 270
" in file: "common/scripted_effects/oc04_origins_civics_colony_setup_scripted_effects.txt" near line: 270
[23:07:47][effect_impl.cpp:466]: has_country_flag effect at  file: common/scripted_effects/oc04_origins_civics_colony_setup_scripted_effects.txt line: 273 accepts only yes or no as values
[23:07:47][effect.cpp:361]: Error: "Expected format is "key={": oc_colony_empire_14, near line: 271
Expected format is "key={": else_if, near line: 273
Expected format is "key={": {, near line: 273
" in file: "common/scripted_effects/oc04_origins_civics_colony_setup_scripted_effects.txt" near line: 273
[23:07:47][effect_impl.cpp:466]: has_country_flag effect at  file: common/scripted_effects/oc04_origins_civics_colony_setup_scripted_effects.txt line: 276 accepts only yes or no as values
[23:07:47][effect.cpp:361]: Error: "Expected format is "key={": oc_colony_empire_15, near line: 274
Expected format is "key={": else_if, near line: 276
Expected format is "key={": {, near line: 276
" in file: "common/scripted_effects/oc04_origins_civics_colony_setup_scripted_effects.txt" near line: 276
[23:07:47][effect_impl.cpp:466]: has_country_flag effect at  file: common/scripted_effects/oc04_origins_civics_colony_setup_scripted_effects.txt line: 279 accepts only yes or no as values
[23:07:47][effect.cpp:361]: Error: "Expected format is "key={": oc_colony_empire_16, near line: 277
Expected format is "key={": else_if, near line: 279
Expected format is "key={": {, near line: 279
" in file: "common/scripted_effects/oc04_origins_civics_colony_setup_scripted_effects.txt" near line: 279
[23:07:47][effect_impl.cpp:466]: has_country_flag effect at  file: common/scripted_effects/oc04_origins_civics_colony_setup_scripted_effects.txt line: 282 accepts only yes or no as values
[23:07:47][effect.cpp:361]: Error: "Expected format is "key={": oc_colony_empire_17, near line: 280
Expected format is "key={": else_if, near line: 282
Expected format is "key={": {, near line: 282
" in file: "common/scripted_effects/oc04_origins_civics_colony_setup_scripted_effects.txt" near line: 282
[23:07:47][effect_impl.cpp:466]: has_country_flag effect at  file: common/scripted_effects/oc04_origins_civics_colony_setup_scripted_effects.txt line: 285 accepts only yes or no as values
[23:07:47][effect.cpp:361]: Error: "Expected format is "key={": oc_colony_empire_18, near line: 283
Expected format is "key={": else_if, near line: 285
Expected format is "key={": {, near line: 285
" in file: "common/scripted_effects/oc04_origins_civics_colony_setup_scripted_effects.txt" near line: 285
[23:07:47][effect_impl.cpp:466]: has_country_flag effect at  file: common/scripted_effects/oc04_origins_civics_colony_setup_scripted_effects.txt line: 288 accepts only yes or no as values
[23:07:47][effect.cpp:361]: Error: "Expected format is "key={": oc_colony_empire_19, near line: 286
Expected format is "key={": else_if, near line: 288
Expected format is "key={": {, near line: 288
" in file: "common/scripted_effects/oc04_origins_civics_colony_setup_scripted_effects.txt" near line: 288
[23:07:47][effect_impl.cpp:466]: has_country_flag effect at  file: common/scripted_effects/oc04_origins_civics_colony_setup_scripted_effects.txt line: 291 accepts only yes or no as values
[23:07:47][effect.cpp:361]: Error: "Expected format is "key={": oc_colony_empire_20, near line: 289
Expected format is "key={": else_if, near line: 291
Expected format is "key={": {, near line: 291
" in file: "common/scripted_effects/oc04_origins_civics_colony_setup_scripted_effects.txt" near line: 291
[23:07:47][effect_impl.cpp:466]: has_country_flag effect at  file: common/scripted_effects/oc04_origins_civics_colony_setup_scripted_effects.txt line: 294 accepts only yes or no as values
[23:07:47][effect.cpp:361]: Error: "Expected format is "key={": oc_colony_empire_21, near line: 292
Expected format is "key={": else_if, near line: 294
Expected format is "key={": {, near line: 294
" in file: "common/scripted_effects/oc04_origins_civics_colony_setup_scripted_effects.txt" near line: 294
[23:07:47][effect_impl.cpp:466]: has_country_flag effect at  file: common/scripted_effects/oc04_origins_civics_colony_setup_scripted_effects.txt line: 297 accepts only yes or no as values
[23:07:47][effect.cpp:361]: Error: "Expected format is "key={": oc_colony_empire_22, near line: 295
Expected format is "key={": else_if, near line: 297
Expected format is "key={": {, near line: 297
" in file: "common/scripted_effects/oc04_origins_civics_colony_setup_scripted_effects.txt" near line: 297
[23:07:47][effect_impl.cpp:466]: has_country_flag effect at  file: common/scripted_effects/oc04_origins_civics_colony_setup_scripted_effects.txt line: 300 accepts only yes or no as values
[23:07:47][effect.cpp:361]: Error: "Expected format is "key={": oc_colony_empire_23, near line: 298
Expected format is "key={": else_if, near line: 300
Expected format is "key={": {, near line: 300
" in file: "common/scripted_effects/oc04_origins_civics_colony_setup_scripted_effects.txt" near line: 300
[23:07:47][effect_impl.cpp:466]: has_country_flag effect at  file: common/scripted_effects/oc04_origins_civics_colony_setup_scripted_effects.txt line: 303 accepts only yes or no as values
[23:07:47][effect.cpp:361]: Error: "Expected format is "key={": oc_colony_empire_24, near line: 301
Expected format is "key={": else_if, near line: 303
Expected format is "key={": {, near line: 303
" in file: "common/scripted_effects/oc04_origins_civics_colony_setup_scripted_effects.txt" near line: 303
[23:07:47][effect_impl.cpp:466]: has_country_flag effect at  file: common/scripted_effects/oc04_origins_civics_colony_setup_scripted_effects.txt line: 306 accepts only yes or no as values
[23:07:47][effect.cpp:361]: Error: "Expected format is "key={": oc_colony_empire_25, near line: 304
Expected format is "key={": else_if, near line: 306
Expected format is "key={": {, near line: 306
" in file: "common/scripted_effects/oc04_origins_civics_colony_setup_scripted_effects.txt" near line: 306
[23:07:47][effect_impl.cpp:466]: has_country_flag effect at  file: common/scripted_effects/oc04_origins_civics_colony_setup_scripted_effects.txt line: 309 accepts only yes or no as values
[23:07:47][effect.cpp:361]: Error: "Expected format is "key={": oc_colony_empire_26, near line: 307
Expected format is "key={": else_if, near line: 309
Expected format is "key={": {, near line: 309
" in file: "common/scripted_effects/oc04_origins_civics_colony_setup_scripted_effects.txt" near line: 309
[23:07:47][effect_impl.cpp:466]: has_country_flag effect at  file: common/scripted_effects/oc04_origins_civics_colony_setup_scripted_effects.txt line: 312 accepts only yes or no as values
[23:07:47][effect.cpp:361]: Error: "Expected format is "key={": oc_colony_empire_27, near line: 310
Expected format is "key={": else_if, near line: 312
Expected format is "key={": {, near line: 312
" in file: "common/scripted_effects/oc04_origins_civics_colony_setup_scripted_effects.txt" near line: 312
[23:07:47][effect_impl.cpp:466]: has_country_flag effect at  file: common/scripted_effects/oc04_origins_civics_colony_setup_scripted_effects.txt line: 315 accepts only yes or no as values
[23:07:47][effect.cpp:361]: Error: "Expected format is "key={": oc_colony_empire_28, near line: 313
Expected format is "key={": else_if, near line: 315
Expected format is "key={": {, near line: 315
" in file: "common/scripted_effects/oc04_origins_civics_colony_setup_scripted_effects.txt" near line: 315
[23:07:47][effect_impl.cpp:466]: has_country_flag effect at  file: common/scripted_effects/oc04_origins_civics_colony_setup_scripted_effects.txt line: 318 accepts only yes or no as values
[23:07:47][effect.cpp:361]: Error: "Expected format is "key={": oc_colony_empire_29, near line: 316
Expected format is "key={": else_if, near line: 318
Expected format is "key={": {, near line: 318
" in file: "common/scripted_effects/oc04_origins_civics_colony_setup_scripted_effects.txt" near line: 318
[23:07:47][effect_impl.cpp:466]: has_country_flag effect at  file: common/scripted_effects/oc04_origins_civics_colony_setup_scripted_effects.txt line: 321 accepts only yes or no as values
[23:07:47][effect.cpp:361]: Error: "Expected format is "key={": oc_colony_empire_30, near line: 319
Expected format is "key={": else_if, near line: 321
Expected format is "key={": {, near line: 321
" in file: "common/scripted_effects/oc04_origins_civics_colony_setup_scripted_effects.txt" near line: 321
[23:07:47][effect_impl.cpp:466]: has_country_flag effect at  file: common/scripted_effects/oc04_origins_civics_colony_setup_scripted_effects.txt line: 324 accepts only yes or no as values
[23:07:47][effect.cpp:361]: Error: "Expected format is "key={": oc_colony_empire_31, near line: 322
Expected format is "key={": else_if, near line: 324
Expected format is "key={": {, near line: 324
" in file: "common/scripted_effects/oc04_origins_civics_colony_setup_scripted_effects.txt" near line: 324
[23:07:47][trigger.cpp:260]: Error: "Expected format is "key={": oc_colony_empire_32, near line: 325
Expected format is "key={": }, near line: 327
" in file: "common/scripted_effects/oc04_origins_civics_colony_setup_scripted_effects.txt" near line: 333
[23:07:47][secondary_species_data.cpp:30]: Missing localization or secondary species title for secondary species defined at common/governments/civics/07_origins_secondary_species_civics.txt:65
[23:07:47][building_type.cpp:533]: Missing building Localization Key: building_oc_vault_start
[23:07:47][building_type.cpp:533]: Missing building Localization Key: building_oc_vault_start_desc
[23:07:47][building_type.cpp:533]: Missing building Localization Key: building_oc_eternal_leader_tomb
[23:07:47][building_type.cpp:533]: Missing building Localization Key: building_oc_eternal_leader_tomb_desc
[23:07:47][megastructure_type.cpp:28]: Missing localization key [oc_dyson_sphere_0] for mega structure
[23:07:47][megastructure_type.cpp:28]: Missing localization key [oc_dyson_sphere_0_DESC] for mega structure
[23:07:47][megastructure_type.cpp:28]: Missing localization key [oc_dyson_sphere_0_MEGASTRUCTURE_DETAILS] for mega structure
[23:07:47][megastructure_type.cpp:28]: Missing localization key [oc_dyson_sphere_1] for mega structure
[23:07:47][megastructure_type.cpp:28]: Missing localization key [oc_dyson_sphere_1_DESC] for mega structure
[23:07:47][megastructure_type.cpp:28]: Missing localization key [oc_dyson_sphere_2] for mega structure
[23:07:47][megastructure_type.cpp:28]: Missing localization key [oc_dyson_sphere_2_DESC] for mega structure
[23:07:47][megastructure_type.cpp:28]: Missing localization key [oc_dyson_sphere_3] for mega structure
[23:07:47][megastructure_type.cpp:28]: Missing localization key [oc_dyson_sphere_3_DESC] for mega structure
[23:07:47][megastructure_type.cpp:28]: Missing localization key [oc_dyson_sphere_4] for mega structure
[23:07:47][megastructure_type.cpp:28]: Missing localization key [oc_dyson_sphere_4_DESC] for mega structure
[23:07:47][megastructure_type.cpp:28]: Missing localization key [oc_dyson_sphere_5] for mega structure
[23:07:47][megastructure_type.cpp:28]: Missing localization key [oc_dyson_sphere_5_DESC] for mega structure
[23:07:47][megastructure_type.cpp:28]: Missing localization key [oc_void_habitat] for mega structure
[23:07:47][megastructure_type.cpp:28]: Missing localization key [oc_void_habitat_DESC] for mega structure
[23:07:47][megastructure_type.cpp:28]: Missing localization key [oc_void_habitat_MEGASTRUCTURE_DETAILS] for mega structure
[23:07:48][government_civic_type.cpp:29]: Missing localization key civic_oc_primitive_colonial_administration for government civic type
[23:07:48][government_civic_type.cpp:29]: Missing localization key civic_oc_primitive_colonial_administration_desc for government civic type
[23:07:48][government_civic_type.cpp:29]: Missing localization key civic_oc_primitive_lost_colony for government civic type
[23:07:48][government_civic_type.cpp:29]: Missing localization key civic_oc_primitive_lost_colony_desc for government civic type
[23:07:48][government_civic_type.cpp:29]: Missing localization key civic_oc_primitive_fallen_colony for government civic type
[23:07:48][government_civic_type.cpp:29]: Missing localization key civic_oc_primitive_fallen_colony_desc for government civic type
[23:07:48][government_civic_type.cpp:29]: Missing localization key civic_oc_lost_colony for government civic type
[23:07:48][government_civic_type.cpp:29]: Missing localization key civic_oc_lost_colony_desc for government civic type
[23:07:48][government_civic_type.cpp:29]: Missing localization key civic_oc_exiled_colony for government civic type
[23:07:48][government_civic_type.cpp:29]: Missing localization key civic_oc_exiled_colony_desc for government civic type
[23:07:48][government_civic_type.cpp:29]: Missing localization key civic_oc_fallen_colony for government civic type
[23:07:48][government_civic_type.cpp:29]: Missing localization key civic_oc_fallen_colony_desc for government civic type
[23:07:48][government_civic_type.cpp:29]: Missing localization key civic_oc_climate_shift for government civic type
[23:07:48][government_civic_type.cpp:29]: Missing localization key civic_oc_climate_shift_desc for government civic type
[23:07:48][government_civic_type.cpp:29]: Missing localization key civic_oc_nuclear_vault for government civic type
[23:07:48][government_civic_type.cpp:29]: Missing localization key civic_oc_nuclear_vault_desc for government civic type
[23:07:48][government_civic_type.cpp:29]: Missing localization key civic_oc_nuclear_mutation for government civic type
[23:07:48][government_civic_type.cpp:29]: Missing localization key civic_oc_nuclear_mutation_desc for government civic type
[23:07:48][government_civic_type.cpp:29]: Missing localization key civic_oc_voidborne for government civic type
[23:07:48][government_civic_type.cpp:29]: Missing localization key civic_oc_voidborne_desc for government civic type
[23:07:48][government_civic_type.cpp:29]: Missing localization key civic_oc_codominant_evolution for government civic type
[23:07:48][government_civic_type.cpp:29]: Missing localization key civic_oc_codominant_evolution_desc for government civic type
[23:07:48][government_civic_type.cpp:29]: Missing localization key civic_oc_eternal_leader for government civic type
[23:07:48][government_civic_type.cpp:29]: Missing localization key civic_oc_eternal_leader_desc for government civic type
[23:07:48][government_civic_type.cpp:29]: Missing localization key civic_oc_digitally_eternal for government civic type
[23:07:48][government_civic_type.cpp:29]: Missing localization key civic_oc_digitally_eternal_desc for government civic type
[23:07:48][government_civic_type.cpp:29]: Missing localization key civic_oc_alien_message for government civic type
[23:07:48][government_civic_type.cpp:29]: Missing localization key civic_oc_alien_message_desc for government civic type
[23:07:48][government_civic_type.cpp:29]: Missing localization key civic_oc_alien_invaded for government civic type
[23:07:48][government_civic_type.cpp:29]: Missing localization key civic_oc_alien_invaded_desc for government civic type
[23:07:48][government_civic_type.cpp:29]: Missing localization key civic_oc_ecological_disaster for government civic type
[23:07:48][government_civic_type.cpp:29]: Missing localization key civic_oc_ecological_disaster_desc for government civic type
[23:07:48][government_civic_type.cpp:29]: Missing localization key civic_oc_hive_nuclear_vault for government civic type
[23:07:48][government_civic_type.cpp:29]: Missing localization key civic_oc_hive_nuclear_vault_desc for government civic type
[23:07:48][government_civic_type.cpp:29]: Missing localization key civic_oc_hive_nuclear_mutation for government civic type
[23:07:48][government_civic_type.cpp:29]: Missing localization key civic_oc_hive_nuclear_mutation_desc for government civic type
[23:07:48][government_civic_type.cpp:29]: Missing localization key civic_oc_hive_life_seeded for government civic type
[23:07:48][government_civic_type.cpp:29]: Missing localization key civic_oc_hive_life_seeded_desc for government civic type
[23:07:48][government_civic_type.cpp:29]: Missing localization key civic_oc_hive_voidborne for government civic type
[23:07:48][government_civic_type.cpp:29]: Missing localization key civic_oc_hive_voidborne_desc for government civic type
[23:07:48][government_civic_type.cpp:29]: Missing localization key civic_oc_robo_nuked_start for government civic type
[23:07:48][government_civic_type.cpp:29]: Missing localization key civic_oc_robo_nuked_start_desc for government civic type
[23:07:48][government_civic_type.cpp:29]: Missing localization key civic_oc_robo_machine_world for government civic type
[23:07:48][government_civic_type.cpp:29]: Missing localization key civic_oc_robo_machine_world_desc for government civic type
[23:07:48][government_type.cpp:15]: Missing localization key gov_fallen_colonial_government for government type
[23:07:48][government_type.cpp:15]: Missing localization key gov_fallen_colonial_government_desc for government type
[23:07:48][government_type.cpp:15]: Missing localization key RT_GOVERNOR_GENERAL for government type
[23:07:48][government_type.cpp:15]: Missing localization key RT_GOVERNOR_GENERAL_FEMALE for government type
[23:07:48][government_type.cpp:15]: Missing localization key gov_primitive_colonial_government for government type
[23:07:48][government_type.cpp:15]: Missing localization key gov_primitive_colonial_government_desc for government type
[23:07:48][government_type.cpp:15]: Missing localization key RT_GOVERNOR for government type
[23:07:48][government_type.cpp:15]: Missing localization key RT_GOVERNOR_FEMALE for government type
[23:07:49][trigger_impl.cpp:1083]: [ file: events/02_origins_civics_empire_setup.txt line: 267]: Error in scripted trigger, cannot find: oc_requires_secondary_species_colony_setup
[23:07:49][trigger_impl.cpp:1083]: [ file: events/02_origins_civics_empire_setup.txt line: 309]: Error in scripted trigger, cannot find: oc_requires_secondary_species_colony_setup
[23:07:49][trigger_impl.cpp:1083]: [ file: events/02_origins_civics_empire_setup.txt line: 702]: Error in scripted trigger, cannot find: oc_requires_ship_setup
[23:07:49][trigger_impl.cpp:1083]: [ file: common/scripted_triggers/oc20_origins_civics_requires_setup_triggers.txt line: 70]: Error in scripted trigger, cannot find: oc_requires_original_homeworld_destroy
[23:07:49][trigger_impl.cpp:1083]: [ file: common/scripted_effects/oc04_origins_civics_colony_setup_scripted_effects.txt line: 23]: Error in scripted trigger, cannot find: set_country_flag
[23:07:49][trigger_impl.cpp:1083]: [ file: common/scripted_effects/oc04_origins_civics_colony_setup_scripted_effects.txt line: 24]: Error in scripted trigger, cannot find: random_owned_planet
[23:07:49][trigger_impl.cpp:1083]: [ file: common/scripted_effects/oc04_origins_civics_colony_setup_scripted_effects.txt line: 24]: Error in scripted trigger, cannot find: limit
[23:07:49][trigger_impl.cpp:18001]: host_has_dlc trigger at  file: common/governments/civics/04_origins_colonies_civics.txt line: 98 is referencing an inexisting DLC!
[23:07:49][effect_impl.cpp:584]: [ file: events/01_origins_civics_galaxy_setup.txt line: 46]: Error in scripted effect, cannot find: default_empire_setup
[23:07:49][effect_impl.cpp:584]: [ file: events/01_origins_civics_galaxy_setup.txt line: 71]: Error in scripted effect, cannot find: default_empire_setup
[23:07:49][effect_impl.cpp:584]: [ file: events/02_origins_civics_empire_setup.txt line: 294]: Error in scripted effect, cannot find: oc_change_pops_and_leaders_to_last_created_species
[23:07:49][effect_impl.cpp:584]: [ file: events/02_origins_civics_empire_setup.txt line: 316]: Error in scripted effect, cannot find: oc_set_colony_flag
[23:07:49][effect_impl.cpp:584]: [ file: events/02_origins_civics_empire_setup.txt line: 317]: Error in scripted effect, cannot find: oc_change_pops_and_leaders_to_last_created_species
[23:07:49][effect_impl.cpp:584]: [ file: events/02_origins_civics_empire_setup.txt line: 504]: Error in scripted effect, cannot find: oc_set_colony_flag
[23:07:49][effect_impl.cpp:584]: [ file: events/02_origins_civics_empire_setup.txt line: 605]: Error in scripted effect, cannot find: change_to_pc_random_uninhabitable
[23:07:49][effect_impl.cpp:584]: [ file: events/02_origins_civics_empire_setup.txt line: 613]: Error in scripted effect, cannot find: reset_start_buildings_and_blockers_habitat
[23:07:49][effect_impl.cpp:584]: [ file: events/02_origins_civics_empire_setup.txt line: 614]: Error in scripted effect, cannot find: add_pops_on_planet
[23:07:49][effect_impl.cpp:584]: [ file: events/02_origins_civics_empire_setup.txt line: 629]: Error in scripted effect, cannot find: add_additional_blockers
[23:07:49][effect_impl.cpp:584]: [ file: events/02_origins_civics_empire_setup.txt line: 638]: Error in scripted effect, cannot find: kill_pops_and_buildings
[23:07:49][effect_impl.cpp:584]: [ file: common/scripted_effects/oc04_origins_civics_colony_setup_scripted_effects.txt line: 214]: Error in scripted effect, cannot find: NOT
[23:07:49][effect_impl.cpp:584]: [ file: common/scripted_effects/oc04_origins_civics_colony_setup_scripted_effects.txt line: 214]: Error in scripted effect, cannot find: any_country
[23:07:49][effect_impl.cpp:584]: [ file: common/scripted_effects/oc04_origins_civics_colony_setup_scripted_effects.txt line: 214]: Error in scripted effect, cannot find: has_country_flag
[23:07:49][effect_impl.cpp:584]: [ file: common/scripted_effects/oc04_origins_civics_colony_setup_scripted_effects.txt line: 216]: Error in scripted effect, cannot find: is_capital
[23:07:49][effect_impl.cpp:584]: [ file: common/scripted_effects/oc04_origins_civics_colony_setup_scripted_effects.txt line: 228]: Error in scripted effect, cannot find: has_country_flag
[23:07:49][effect_impl.cpp:584]: [ file: common/scripted_effects/oc04_origins_civics_colony_setup_scripted_effects.txt line: 324]: Error in scripted effect, cannot find: has_country_flag
